\BOOKMARK [1][-]{section.1}{\376\377\000I\000n\000t\000r\000o\000d\000u\000c\000t\000i\000o\000n}{}% 1
\BOOKMARK [1][-]{section.2}{\376\377\000R\000e\000l\000a\000t\000e\000d\000\040\000S\000o\000f\000t\000w\000a\000r\000e}{}% 2
\BOOKMARK [1][-]{section.3}{\376\377\000L\000i\000b\000r\000a\000r\000y\000\040\000A\000r\000c\000h\000i\000t\000e\000c\000t\000u\000r\000e}{}% 3
\BOOKMARK [2][-]{subsection.3.1}{\376\377\000M\000o\000d\000u\000l\000e\000\040\000S\000t\000r\000u\000c\000t\000u\000r\000e}{section.3}% 4
\BOOKMARK [2][-]{subsection.3.2}{\376\377\000D\000e\000s\000i\000g\000n\000\040\000P\000r\000i\000n\000c\000i\000p\000l\000e\000s}{section.3}% 5
\BOOKMARK [2][-]{subsection.3.3}{\376\377\000D\000e\000p\000e\000n\000d\000e\000n\000c\000y\000\040\000G\000r\000a\000p\000h}{section.3}% 6
\BOOKMARK [1][-]{section.4}{\376\377\000V\000i\000s\000u\000a\000l\000i\000z\000a\000t\000i\000o\000n\000\040\000M\000o\000d\000a\000l\000i\000t\000i\000e\000s}{}% 7
\BOOKMARK [2][-]{subsection.4.1}{\376\377\000B\000l\000o\000c\000h\000\040\000S\000p\000h\000e\000r\000e}{section.4}% 8
\BOOKMARK [2][-]{subsection.4.2}{\376\377\000S\000t\000a\000t\000e\000\040\000C\000i\000t\000y}{section.4}% 9
\BOOKMARK [2][-]{subsection.4.3}{\376\377\000C\000o\000s\000t\000\040\000L\000a\000n\000d\000s\000c\000a\000p\000e}{section.4}% 10
\BOOKMARK [2][-]{subsection.4.4}{\376\377\000C\000i\000r\000c\000u\000i\000t\000\040\000D\000i\000a\000g\000r\000a\000m\000s}{section.4}% 11
\BOOKMARK [2][-]{subsection.4.5}{\376\377\000D\000y\000n\000a\000m\000i\000c\000\040\000F\000l\000o\000w}{section.4}% 12
\BOOKMARK [1][-]{section.5}{\376\377\000I\000n\000t\000e\000r\000a\000c\000t\000i\000v\000e\000\040\000D\000a\000s\000h\000b\000o\000a\000r\000d\000\040\000a\000n\000d\000\040\000H\000a\000r\000d\000w\000a\000r\000e\000\040\000I\000n\000t\000e\000g\000r\000a\000t\000i\000o\000n}{}% 13
\BOOKMARK [2][-]{subsection.5.1}{\376\377\000W\000e\000b\000\040\000D\000a\000s\000h\000b\000o\000a\000r\000d}{section.5}% 14
\BOOKMARK [2][-]{subsection.5.2}{\376\377\000I\000B\000M\000\040\000Q\000u\000a\000n\000t\000u\000m\000\040\000H\000a\000r\000d\000w\000a\000r\000e\000\040\000I\000n\000t\000e\000g\000r\000a\000t\000i\000o\000n}{section.5}% 15
\BOOKMARK [1][-]{section.6}{\376\377\000E\000x\000a\000m\000p\000l\000e\000\040\000A\000p\000p\000l\000i\000c\000a\000t\000i\000o\000n\000s}{}% 16
\BOOKMARK [2][-]{subsection.6.1}{\376\377\000M\000a\000x\000C\000u\000t\000\040\000L\000a\000n\000d\000s\000c\000a\000p\000e\000\040\000f\000o\000r\000\040\000a\000\040\000T\000r\000i\000a\000n\000g\000l\000e\000\040\000G\000r\000a\000p\000h}{section.6}% 17
\BOOKMARK [2][-]{subsection.6.2}{\376\377\000H\0002\000\040\000V\000Q\000E\000\040\000E\000n\000e\000r\000g\000y\000\040\000S\000u\000r\000f\000a\000c\000e}{section.6}% 18
\BOOKMARK [2][-]{subsection.6.3}{\376\377\000B\000e\000l\000l\000\040\000S\000t\000a\000t\000e\000\040\000D\000e\000n\000s\000i\000t\000y\000\040\000M\000a\000t\000r\000i\000x}{section.6}% 19
\BOOKMARK [2][-]{subsection.6.4}{\376\377\000R\000a\000b\000i\000\040\000O\000s\000c\000i\000l\000l\000a\000t\000i\000o\000n\000s}{section.6}% 20
\BOOKMARK [1][-]{section.7}{\376\377\000I\000n\000s\000t\000a\000l\000l\000a\000t\000i\000o\000n\000\040\000a\000n\000d\000\040\000T\000e\000s\000t\000i\000n\000g}{}% 21
\BOOKMARK [2][-]{subsection.7.1}{\376\377\000I\000n\000s\000t\000a\000l\000l\000a\000t\000i\000o\000n}{section.7}% 22
\BOOKMARK [2][-]{subsection.7.2}{\376\377\000T\000e\000s\000t\000i\000n\000g}{section.7}% 23
\BOOKMARK [2][-]{subsection.7.3}{\376\377\000D\000o\000c\000u\000m\000e\000n\000t\000a\000t\000i\000o\000n}{section.7}% 24
\BOOKMARK [1][-]{section.8}{\376\377\000C\000o\000n\000c\000l\000u\000s\000i\000o\000n\000s\000\040\000a\000n\000d\000\040\000O\000u\000t\000l\000o\000o\000k}{}% 25
\BOOKMARK [1][-]{section.9}{\376\377\000A\000\040\000S\000e\000c\000t\000i\000o\000n}{}% 26
\BOOKMARK [1][-]{section.10}{\376\377\000A\000n\000o\000t\000h\000e\000r\000\040\000S\000e\000c\000t\000i\000o\000n}{}% 27
\BOOKMARK [2][-]{subsection.10.1}{\376\377\000A\000\040\000f\000i\000r\000s\000t\000\040\000s\000u\000b\000s\000e\000c\000t\000i\000o\000n}{section.10}% 28
\BOOKMARK [2][-]{subsection.10.2}{\376\377\000A\000\040\000n\000o\000t\000e\000\040\000a\000b\000o\000u\000t\000\040\000f\000i\000g\000u\000r\000e\000s}{section.10}% 29
\BOOKMARK [1][-]{section.11}{\376\377\000C\000o\000n\000c\000l\000u\000s\000i\000o\000n}{}% 30
\BOOKMARK [1][-]{appendix.A}{\376\377\000F\000i\000r\000s\000t\000\040\000a\000p\000p\000e\000n\000d\000i\000x}{}% 31
\BOOKMARK [1][-]{appendix.B}{\376\377\000A\000b\000o\000u\000t\000\040\000r\000e\000f\000e\000r\000e\000n\000c\000e\000s}{}% 32
